<?xml version="1.0" encoding="utf-8"?><testsuites><testsuite name="pytest" errors="0" failures="0" skipped="0" tests="0" time="0.016" timestamp="2025-06-28T11:44:00.056567" hostname="f5c9e404ff9c" /></testsuites>